<?xml version="1.0" encoding="UTF-8"?>
<testsuite name="im.pwr.edu.pl.lab3.Lab3ApplicationTests" tests="1" skipped="0" failures="0" errors="0" timestamp="2020-05-18T15:09:27" hostname="LAPTOP-NRMGIDR6" time="1.695">
  <properties/>
  <testcase name="contextLoads()" classname="im.pwr.edu.pl.lab3.Lab3ApplicationTests" time="1.695"/>
  <system-out><![CDATA[17:09:24.291 [Test worker] DEBUG org.springframework.test.context.BootstrapUtils - Instantiating CacheAwareContextLoaderDelegate from class [org.springframework.test.context.cache.DefaultCacheAwareContextLoaderDelegate]
17:09:24.307 [Test worker] DEBUG org.springframework.test.context.BootstrapUtils - Instantiating BootstrapContext using constructor [public org.springframework.test.context.support.DefaultBootstrapContext(java.lang.Class,org.springframework.test.context.CacheAwareContextLoaderDelegate)]
17:09:24.334 [Test worker] DEBUG org.springframework.test.context.BootstrapUtils - Instantiating TestContextBootstrapper for test class [im.pwr.edu.pl.lab3.Lab3ApplicationTests] from class [org.springframework.boot.test.context.SpringBootTestContextBootstrapper]
17:09:24.471 [Test worker] INFO org.springframework.boot.test.context.SpringBootTestContextBootstrapper - Neither @ContextConfiguration nor @ContextHierarchy found for test class [im.pwr.edu.pl.lab3.Lab3ApplicationTests], using SpringBootContextLoader
17:09:24.542 [Test worker] DEBUG org.springframework.test.context.support.AbstractContextLoader - Did not detect default resource location for test class [im.pwr.edu.pl.lab3.Lab3ApplicationTests]: class path resource [im/pwr/edu/pl/lab3/Lab3ApplicationTests-context.xml] does not exist
17:09:24.543 [Test worker] DEBUG org.springframework.test.context.support.AbstractContextLoader - Did not detect default resource location for test class [im.pwr.edu.pl.lab3.Lab3ApplicationTests]: class path resource [im/pwr/edu/pl/lab3/Lab3ApplicationTestsContext.groovy] does not exist
17:09:24.543 [Test worker] INFO org.springframework.test.context.support.AbstractContextLoader - Could not detect default resource locations for test class [im.pwr.edu.pl.lab3.Lab3ApplicationTests]: no resource found for suffixes {-context.xml, Context.groovy}.
17:09:24.544 [Test worker] INFO org.springframework.test.context.support.AnnotationConfigContextLoaderUtils - Could not detect default configuration classes for test class [im.pwr.edu.pl.lab3.Lab3ApplicationTests]: Lab3ApplicationTests does not declare any static, non-private, non-final, nested classes annotated with @Configuration.
17:09:24.686 [Test worker] DEBUG org.springframework.test.context.support.ActiveProfilesUtils - Could not find an 'annotation declaring class' for annotation type [org.springframework.test.context.ActiveProfiles] and class [im.pwr.edu.pl.lab3.Lab3ApplicationTests]
17:09:24.752 [Test worker] DEBUG org.springframework.context.annotation.ClassPathScanningCandidateComponentProvider - Identified candidate component class: file [C:\Users\wiole_5ewf698\Desktop\lab3\build\classes\java\main\im\pwr\edu\pl\lab3\Lab3Application.class]
17:09:24.754 [Test worker] INFO org.springframework.boot.test.context.SpringBootTestContextBootstrapper - Found @SpringBootConfiguration im.pwr.edu.pl.lab3.Lab3Application for test class im.pwr.edu.pl.lab3.Lab3ApplicationTests
17:09:24.936 [Test worker] DEBUG org.springframework.boot.test.context.SpringBootTestContextBootstrapper - @TestExecutionListeners is not present for class [im.pwr.edu.pl.lab3.Lab3ApplicationTests]: using defaults.
17:09:24.937 [Test worker] INFO org.springframework.boot.test.context.SpringBootTestContextBootstrapper - Loaded default TestExecutionListener class names from location [META-INF/spring.factories]: [org.springframework.boot.test.autoconfigure.restdocs.RestDocsTestExecutionListener, org.springframework.boot.test.autoconfigure.web.client.MockRestServiceServerResetTestExecutionListener, org.springframework.boot.test.autoconfigure.web.servlet.MockMvcPrintOnlyOnFailureTestExecutionListener, org.springframework.boot.test.autoconfigure.web.servlet.WebDriverTestExecutionListener, org.springframework.boot.test.mock.mockito.MockitoTestExecutionListener, org.springframework.boot.test.mock.mockito.ResetMocksTestExecutionListener, org.springframework.test.context.web.ServletTestExecutionListener, org.springframework.test.context.support.DirtiesContextBeforeModesTestExecutionListener, org.springframework.test.context.support.DependencyInjectionTestExecutionListener, org.springframework.test.context.support.DirtiesContextTestExecutionListener, org.springframework.test.context.transaction.TransactionalTestExecutionListener, org.springframework.test.context.jdbc.SqlScriptsTestExecutionListener, org.springframework.test.context.event.EventPublishingTestExecutionListener]
17:09:24.948 [Test worker] DEBUG org.springframework.boot.test.context.SpringBootTestContextBootstrapper - Skipping candidate TestExecutionListener [org.springframework.test.context.transaction.TransactionalTestExecutionListener] due to a missing dependency. Specify custom listener classes or make the default listener classes and their required dependencies available. Offending class: [org/springframework/transaction/interceptor/TransactionAttributeSource]
17:09:24.948 [Test worker] DEBUG org.springframework.boot.test.context.SpringBootTestContextBootstrapper - Skipping candidate TestExecutionListener [org.springframework.test.context.jdbc.SqlScriptsTestExecutionListener] due to a missing dependency. Specify custom listener classes or make the default listener classes and their required dependencies available. Offending class: [org/springframework/transaction/interceptor/TransactionAttribute]
17:09:24.948 [Test worker] INFO org.springframework.boot.test.context.SpringBootTestContextBootstrapper - Using TestExecutionListeners: [org.springframework.test.context.web.ServletTestExecutionListener@74578aa7, org.springframework.test.context.support.DirtiesContextBeforeModesTestExecutionListener@13cc28f3, org.springframework.boot.test.mock.mockito.MockitoTestExecutionListener@263d3091, org.springframework.boot.test.autoconfigure.SpringBootDependencyInjectionTestExecutionListener@44caac77, org.springframework.test.context.support.DirtiesContextTestExecutionListener@c0014fb, org.springframework.test.context.event.EventPublishingTestExecutionListener@7e793e38, org.springframework.boot.test.autoconfigure.restdocs.RestDocsTestExecutionListener@310f30de, org.springframework.boot.test.autoconfigure.web.client.MockRestServiceServerResetTestExecutionListener@20b79b9c, org.springframework.boot.test.autoconfigure.web.servlet.MockMvcPrintOnlyOnFailureTestExecutionListener@2c9ce4bd, org.springframework.boot.test.autoconfigure.web.servlet.WebDriverTestExecutionListener@1ba397e8, org.springframework.boot.test.mock.mockito.ResetMocksTestExecutionListener@53e2cd82]
17:09:24.952 [Test worker] DEBUG org.springframework.test.context.support.AbstractDirtiesContextTestExecutionListener - Before test class: context [DefaultTestContext@3375deb7 testClass = Lab3ApplicationTests, testInstance = [null], testMethod = [null], testException = [null], mergedContextConfiguration = [WebMergedContextConfiguration@1812a663 testClass = Lab3ApplicationTests, locations = '{}', classes = '{class im.pwr.edu.pl.lab3.Lab3Application}', contextInitializerClasses = '[]', activeProfiles = '{}', propertySourceLocations = '{}', propertySourceProperties = '{org.springframework.boot.test.context.SpringBootTestContextBootstrapper=true}', contextCustomizers = set[org.springframework.boot.test.autoconfigure.properties.PropertyMappingContextCustomizer@0, org.springframework.boot.test.autoconfigure.web.servlet.WebDriverContextCustomizerFactory$Customizer@5223777, org.springframework.boot.test.context.filter.ExcludeFilterContextCustomizer@3aba3ac5, org.springframework.boot.test.json.DuplicateJsonObjectContextCustomizerFactory$DuplicateJsonObjectContextCustomizer@71980b72, org.springframework.boot.test.mock.mockito.MockitoContextCustomizer@0, org.springframework.boot.test.web.client.TestRestTemplateContextCustomizer@4d34fd57], resourceBasePath = 'src/main/webapp', contextLoader = 'org.springframework.boot.test.context.SpringBootContextLoader', parent = [null]], attributes = map['org.springframework.test.context.web.ServletTestExecutionListener.activateListener' -> true]], class annotated with @DirtiesContext [false] with mode [null].
17:09:24.981 [Test worker] DEBUG org.springframework.test.context.support.TestPropertySourceUtils - Adding inlined properties to environment: {spring.jmx.enabled=false, org.springframework.boot.test.context.SpringBootTestContextBootstrapper=true, server.port=-1}

  .   ____          _            __ _ _
 /\\ / ___'_ __ _ _(_)_ __  __ _ \ \ \ \
( ( )\___ | '_ | '_| | '_ \/ _` | \ \ \ \
 \\/  ___)| |_)| | | | | || (_| |  ) ) ) )
  '  |____| .__|_| |_|_| |_\__, | / / / /
 =========|_|==============|___/=/_/_/_/
 :: Spring Boot ::        (v2.2.6.RELEASE)

2020-05-18 17:09:25.458  INFO 8624 --- [    Test worker] im.pwr.edu.pl.lab3.Lab3ApplicationTests  : Starting Lab3ApplicationTests on LAPTOP-NRMGIDR6 with PID 8624 (started by Wiola in C:\Users\wiole_5ewf698\Desktop\lab3)
2020-05-18 17:09:25.460  INFO 8624 --- [    Test worker] im.pwr.edu.pl.lab3.Lab3ApplicationTests  : No active profile set, falling back to default profiles: default
2020-05-18 17:09:26.945  INFO 8624 --- [    Test worker] o.s.s.concurrent.ThreadPoolTaskExecutor  : Initializing ExecutorService 'applicationTaskExecutor'
2020-05-18 17:09:27.192  INFO 8624 --- [    Test worker] im.pwr.edu.pl.lab3.Lab3ApplicationTests  : Started Lab3ApplicationTests in 2.198 seconds (JVM running for 7.001)
]]></system-out>
  <system-err><![CDATA[]]></system-err>
</testsuite>
